<?xml version="1.0" encoding="UTF-8"?>
<!-- Generated by org.testng.reporters.JUnitReportReporter -->
<testsuite hostname="Sulakhe-Family5" failures="0" tests="1" name="LocalTaxiTest.localTaxiUser" time="13.068" errors="0" timestamp="2024-05-25T18:44:52 IST" skipped="0">
  <testcase classname="LocalTaxiTest.localTaxiUser" name="localtaxitest1" time="13.068"/>
</testsuite> <!-- LocalTaxiTest.localTaxiUser -->
